<?xml version="1.0" encoding="UTF-8"?>
<testsuite name="com.example.model.repository.UserIDRepositoryTest" tests="1" skipped="0" failures="0" errors="0" timestamp="2022-08-08T22:22:49" hostname="DESKTOP-0IN140F" time="0.492">
  <properties/>
  <testcase name="userIdRepositoryShouldContainItemsInUserIDList" classname="com.example.model.repository.UserIDRepositoryTest" time="0.492"/>
  <system-out><![CDATA[2022-08-08 19:22:49.675 [Test worker] INFO  org.mongodb.driver.client - MongoClient with metadata {"driver": {"name": "mongo-java-driver|sync", "version": "4.7.0"}, "os": {"type": "Windows", "name": "Windows 10", "architecture": "amd64", "version": "10.0"}, "platform": "Java/Amazon.com Inc./17.0.3+6-LTS"} created with settings MongoClientSettings{readPreference=primary, writeConcern=WriteConcern{w=majority, wTimeout=null ms, journal=null}, retryWrites=true, retryReads=true, readConcern=ReadConcern{level=null}, credential=MongoCredential{mechanism=null, userName='root', source='admin', password=<hidden>, mechanismProperties=<hidden>}, streamFactoryFactory=null, commandListeners=[], codecRegistry=ProvidersCodecRegistry{codecProviders=[ValueCodecProvider{}, BsonValueCodecProvider{}, DBRefCodecProvider{}, DBObjectCodecProvider{}, DocumentCodecProvider{}, IterableCodecProvider{}, MapCodecProvider{}, GeoJsonCodecProvider{}, GridFSFileCodecProvider{}, Jsr310CodecProvider{}, JsonObjectCodecProvider{}, BsonCodecProvider{}, EnumCodecProvider{}, com.mongodb.Jep395RecordCodecProvider@15923407]}, clusterSettings={hosts=[127.0.0.1:27017], srvHost=topictwister.rbqoldd.mongodb.net, srvServiceName=mongodb, mode=MULTIPLE, requiredClusterType=REPLICA_SET, requiredReplicaSetName='atlas-wtm6mu-shard-0', serverSelector='null', clusterListeners='[]', serverSelectionTimeout='30000 ms', localThreshold='30000 ms'}, socketSettings=SocketSettings{connectTimeoutMS=10000, readTimeoutMS=0, receiveBufferSize=0, sendBufferSize=0}, heartbeatSocketSettings=SocketSettings{connectTimeoutMS=10000, readTimeoutMS=10000, receiveBufferSize=0, sendBufferSize=0}, connectionPoolSettings=ConnectionPoolSettings{maxSize=100, minSize=0, maxWaitTimeMS=120000, maxConnectionLifeTimeMS=0, maxConnectionIdleTimeMS=0, maintenanceInitialDelayMS=0, maintenanceFrequencyMS=60000, connectionPoolListeners=[], maxConnecting=2}, serverSettings=ServerSettings{heartbeatFrequencyMS=10000, minHeartbeatFrequencyMS=500, serverListeners='[]', serverMonitorListeners='[]'}, sslSettings=SslSettings{enabled=true, invalidHostNameAllowed=false, context=null}, applicationName='null', compressorList=[], uuidRepresentation=UNSPECIFIED, serverApi=ServerApi{version=V1, deprecationErrors=null, strict=null}, autoEncryptionSettings=null, contextProvider=null}
2022-08-08 19:22:49.675 [Test worker] INFO  org.mongodb.driver.cluster - Cluster description not yet available. Waiting for 30000 ms before timing out
2022-08-08 19:22:49.677 [cluster-ClusterId{value='62f18cb95cd9465548c042f6', description='null'}-srv-topictwister.rbqoldd.mongodb.net] INFO  org.mongodb.driver.cluster - Adding discovered server ac-9fcfmng-shard-00-01.rbqoldd.mongodb.net:27017 to client view of cluster
2022-08-08 19:22:49.678 [cluster-ClusterId{value='62f18cb95cd9465548c042f6', description='null'}-srv-topictwister.rbqoldd.mongodb.net] INFO  org.mongodb.driver.cluster - Adding discovered server ac-9fcfmng-shard-00-00.rbqoldd.mongodb.net:27017 to client view of cluster
2022-08-08 19:22:49.678 [cluster-ClusterId{value='62f18cb95cd9465548c042f6', description='null'}-srv-topictwister.rbqoldd.mongodb.net] INFO  org.mongodb.driver.cluster - Adding discovered server ac-9fcfmng-shard-00-02.rbqoldd.mongodb.net:27017 to client view of cluster
2022-08-08 19:22:49.679 [cluster-ClusterId{value='62f18cb95cd9465548c042f6', description='null'}-srv-topictwister.rbqoldd.mongodb.net] DEBUG org.mongodb.driver.cluster - Updating cluster description to  {type=REPLICA_SET, servers=[{address=ac-9fcfmng-shard-00-00.rbqoldd.mongodb.net:27017, type=UNKNOWN, state=CONNECTING}, {address=ac-9fcfmng-shard-00-01.rbqoldd.mongodb.net:27017, type=UNKNOWN, state=CONNECTING}, {address=ac-9fcfmng-shard-00-02.rbqoldd.mongodb.net:27017, type=UNKNOWN, state=CONNECTING}]
2022-08-08 19:22:49.679 [Test worker] INFO  org.mongodb.driver.cluster - No server chosen by com.mongodb.client.internal.MongoClientDelegate$1@5d4e13e1 from cluster description ClusterDescription{type=REPLICA_SET, connectionMode=MULTIPLE, serverDescriptions=[ServerDescription{address=ac-9fcfmng-shard-00-00.rbqoldd.mongodb.net:27017, type=UNKNOWN, state=CONNECTING}, ServerDescription{address=ac-9fcfmng-shard-00-01.rbqoldd.mongodb.net:27017, type=UNKNOWN, state=CONNECTING}, ServerDescription{address=ac-9fcfmng-shard-00-02.rbqoldd.mongodb.net:27017, type=UNKNOWN, state=CONNECTING}]}. Waiting for 30000 ms before timing out
2022-08-08 19:22:49.822 [cluster-rtt-ClusterId{value='62f18cb95cd9465548c042f6', description='null'}-ac-9fcfmng-shard-00-02.rbqoldd.mongodb.net:27017] INFO  org.mongodb.driver.connection - Opened connection [connectionId{localValue:13, serverValue:10077}] to ac-9fcfmng-shard-00-02.rbqoldd.mongodb.net:27017
2022-08-08 19:22:49.823 [cluster-rtt-ClusterId{value='62f18cb95cd9465548c042f6', description='null'}-ac-9fcfmng-shard-00-01.rbqoldd.mongodb.net:27017] INFO  org.mongodb.driver.connection - Opened connection [connectionId{localValue:9, serverValue:9031}] to ac-9fcfmng-shard-00-01.rbqoldd.mongodb.net:27017
2022-08-08 19:22:49.824 [cluster-rtt-ClusterId{value='62f18cb95cd9465548c042f6', description='null'}-ac-9fcfmng-shard-00-00.rbqoldd.mongodb.net:27017] INFO  org.mongodb.driver.connection - Opened connection [connectionId{localValue:11, serverValue:158016}] to ac-9fcfmng-shard-00-00.rbqoldd.mongodb.net:27017
2022-08-08 19:22:49.842 [cluster-ClusterId{value='62f18cb95cd9465548c042f6', description='null'}-ac-9fcfmng-shard-00-01.rbqoldd.mongodb.net:27017] INFO  org.mongodb.driver.connection - Opened connection [connectionId{localValue:8, serverValue:9031}] to ac-9fcfmng-shard-00-01.rbqoldd.mongodb.net:27017
2022-08-08 19:22:49.842 [cluster-ClusterId{value='62f18cb95cd9465548c042f6', description='null'}-ac-9fcfmng-shard-00-01.rbqoldd.mongodb.net:27017] INFO  org.mongodb.driver.cluster - Monitor thread successfully connected to server with description ServerDescription{address=ac-9fcfmng-shard-00-01.rbqoldd.mongodb.net:27017, type=REPLICA_SET_SECONDARY, state=CONNECTED, ok=true, minWireVersion=0, maxWireVersion=13, maxDocumentSize=16777216, logicalSessionTimeoutMinutes=30, roundTripTimeNanos=115895900, setName='atlas-wtm6mu-shard-0', canonicalAddress=ac-9fcfmng-shard-00-01.rbqoldd.mongodb.net:27017, hosts=[ac-9fcfmng-shard-00-02.rbqoldd.mongodb.net:27017, ac-9fcfmng-shard-00-01.rbqoldd.mongodb.net:27017, ac-9fcfmng-shard-00-00.rbqoldd.mongodb.net:27017], passives=[], arbiters=[], primary='ac-9fcfmng-shard-00-02.rbqoldd.mongodb.net:27017', tagSet=TagSet{[Tag{name='nodeType', value='ELECTABLE'}, Tag{name='provider', value='GCP'}, Tag{name='region', value='SOUTH_AMERICA_EAST_1'}, Tag{name='workloadType', value='OPERATIONAL'}]}, electionId=null, setVersion=7, topologyVersion=TopologyVersion{processId=62f11ffb31cbc8e03d5fcbc3, counter=3}, lastWriteDate=Mon Aug 08 19:22:57 ART 2022, lastUpdateTimeNanos=584035567440200}
2022-08-08 19:22:49.843 [cluster-ClusterId{value='62f18cb95cd9465548c042f6', description='null'}-ac-9fcfmng-shard-00-01.rbqoldd.mongodb.net:27017] DEBUG org.mongodb.driver.connection - Marking the connection pool for ServerId{clusterId=ClusterId{value='62f18cb95cd9465548c042f6', description='null'}, address=ac-9fcfmng-shard-00-01.rbqoldd.mongodb.net:27017} as 'ready'
2022-08-08 19:22:49.843 [MaintenanceTimer-5-thread-1] DEBUG org.mongodb.driver.connection - Pruning pooled connections to ac-9fcfmng-shard-00-01.rbqoldd.mongodb.net:27017
2022-08-08 19:22:49.844 [cluster-ClusterId{value='62f18cb95cd9465548c042f6', description='null'}-ac-9fcfmng-shard-00-01.rbqoldd.mongodb.net:27017] TRACE org.mongodb.driver.cluster - Handling description changed event for server ac-9fcfmng-shard-00-01.rbqoldd.mongodb.net:27017 with description ServerDescription{address=ac-9fcfmng-shard-00-01.rbqoldd.mongodb.net:27017, type=REPLICA_SET_SECONDARY, state=CONNECTED, ok=true, minWireVersion=0, maxWireVersion=13, maxDocumentSize=16777216, logicalSessionTimeoutMinutes=30, roundTripTimeNanos=115895900, setName='atlas-wtm6mu-shard-0', canonicalAddress=ac-9fcfmng-shard-00-01.rbqoldd.mongodb.net:27017, hosts=[ac-9fcfmng-shard-00-02.rbqoldd.mongodb.net:27017, ac-9fcfmng-shard-00-01.rbqoldd.mongodb.net:27017, ac-9fcfmng-shard-00-00.rbqoldd.mongodb.net:27017], passives=[], arbiters=[], primary='ac-9fcfmng-shard-00-02.rbqoldd.mongodb.net:27017', tagSet=TagSet{[Tag{name='nodeType', value='ELECTABLE'}, Tag{name='provider', value='GCP'}, Tag{name='region', value='SOUTH_AMERICA_EAST_1'}, Tag{name='workloadType', value='OPERATIONAL'}]}, electionId=null, setVersion=7, topologyVersion=TopologyVersion{processId=62f11ffb31cbc8e03d5fcbc3, counter=3}, lastWriteDate=Mon Aug 08 19:22:57 ART 2022, lastUpdateTimeNanos=584035567440200}
2022-08-08 19:22:49.844 [cluster-ClusterId{value='62f18cb95cd9465548c042f6', description='null'}-ac-9fcfmng-shard-00-01.rbqoldd.mongodb.net:27017] DEBUG org.mongodb.driver.cluster - Updating cluster description to  {type=REPLICA_SET, servers=[{address=ac-9fcfmng-shard-00-00.rbqoldd.mongodb.net:27017, type=UNKNOWN, state=CONNECTING}, {address=ac-9fcfmng-shard-00-01.rbqoldd.mongodb.net:27017, type=REPLICA_SET_SECONDARY, TagSet{[Tag{name='nodeType', value='ELECTABLE'}, Tag{name='provider', value='GCP'}, Tag{name='region', value='SOUTH_AMERICA_EAST_1'}, Tag{name='workloadType', value='OPERATIONAL'}]}, roundTripTime=115.9 ms, state=CONNECTED}, {address=ac-9fcfmng-shard-00-02.rbqoldd.mongodb.net:27017, type=UNKNOWN, state=CONNECTING}]
2022-08-08 19:22:49.844 [cluster-ClusterId{value='62f18cb95cd9465548c042f6', description='null'}-ac-9fcfmng-shard-00-01.rbqoldd.mongodb.net:27017] DEBUG org.mongodb.driver.cluster - Checking status of ac-9fcfmng-shard-00-01.rbqoldd.mongodb.net:27017
2022-08-08 19:22:49.845 [Test worker] INFO  org.mongodb.driver.cluster - No server chosen by ReadPreferenceServerSelector{readPreference=primary} from cluster description ClusterDescription{type=REPLICA_SET, connectionMode=MULTIPLE, serverDescriptions=[ServerDescription{address=ac-9fcfmng-shard-00-00.rbqoldd.mongodb.net:27017, type=UNKNOWN, state=CONNECTING}, ServerDescription{address=ac-9fcfmng-shard-00-01.rbqoldd.mongodb.net:27017, type=REPLICA_SET_SECONDARY, state=CONNECTED, ok=true, minWireVersion=0, maxWireVersion=13, maxDocumentSize=16777216, logicalSessionTimeoutMinutes=30, roundTripTimeNanos=115895900, setName='atlas-wtm6mu-shard-0', canonicalAddress=ac-9fcfmng-shard-00-01.rbqoldd.mongodb.net:27017, hosts=[ac-9fcfmng-shard-00-02.rbqoldd.mongodb.net:27017, ac-9fcfmng-shard-00-01.rbqoldd.mongodb.net:27017, ac-9fcfmng-shard-00-00.rbqoldd.mongodb.net:27017], passives=[], arbiters=[], primary='ac-9fcfmng-shard-00-02.rbqoldd.mongodb.net:27017', tagSet=TagSet{[Tag{name='nodeType', value='ELECTABLE'}, Tag{name='provider', value='GCP'}, Tag{name='region', value='SOUTH_AMERICA_EAST_1'}, Tag{name='workloadType', value='OPERATIONAL'}]}, electionId=null, setVersion=7, topologyVersion=TopologyVersion{processId=62f11ffb31cbc8e03d5fcbc3, counter=3}, lastWriteDate=Mon Aug 08 19:22:57 ART 2022, lastUpdateTimeNanos=584035567440200}, ServerDescription{address=ac-9fcfmng-shard-00-02.rbqoldd.mongodb.net:27017, type=UNKNOWN, state=CONNECTING}]}. Waiting for 30000 ms before timing out
2022-08-08 19:22:49.846 [cluster-ClusterId{value='62f18cb95cd9465548c042f6', description='null'}-ac-9fcfmng-shard-00-00.rbqoldd.mongodb.net:27017] INFO  org.mongodb.driver.connection - Opened connection [connectionId{localValue:10, serverValue:158016}] to ac-9fcfmng-shard-00-00.rbqoldd.mongodb.net:27017
2022-08-08 19:22:49.846 [cluster-ClusterId{value='62f18cb95cd9465548c042f6', description='null'}-ac-9fcfmng-shard-00-00.rbqoldd.mongodb.net:27017] INFO  org.mongodb.driver.cluster - Monitor thread successfully connected to server with description ServerDescription{address=ac-9fcfmng-shard-00-00.rbqoldd.mongodb.net:27017, type=REPLICA_SET_SECONDARY, state=CONNECTED, ok=true, minWireVersion=0, maxWireVersion=13, maxDocumentSize=16777216, logicalSessionTimeoutMinutes=30, roundTripTimeNanos=120934200, setName='atlas-wtm6mu-shard-0', canonicalAddress=ac-9fcfmng-shard-00-00.rbqoldd.mongodb.net:27017, hosts=[ac-9fcfmng-shard-00-02.rbqoldd.mongodb.net:27017, ac-9fcfmng-shard-00-01.rbqoldd.mongodb.net:27017, ac-9fcfmng-shard-00-00.rbqoldd.mongodb.net:27017], passives=[], arbiters=[], primary='ac-9fcfmng-shard-00-02.rbqoldd.mongodb.net:27017', tagSet=TagSet{[Tag{name='nodeType', value='ELECTABLE'}, Tag{name='provider', value='GCP'}, Tag{name='region', value='SOUTH_AMERICA_EAST_1'}, Tag{name='workloadType', value='OPERATIONAL'}]}, electionId=null, setVersion=7, topologyVersion=TopologyVersion{processId=62e92f24b4aa7ac8428beb20, counter=5}, lastWriteDate=Mon Aug 08 19:22:57 ART 2022, lastUpdateTimeNanos=584035571578400}
2022-08-08 19:22:49.847 [cluster-ClusterId{value='62f18cb95cd9465548c042f6', description='null'}-ac-9fcfmng-shard-00-00.rbqoldd.mongodb.net:27017] DEBUG org.mongodb.driver.connection - Marking the connection pool for ServerId{clusterId=ClusterId{value='62f18cb95cd9465548c042f6', description='null'}, address=ac-9fcfmng-shard-00-00.rbqoldd.mongodb.net:27017} as 'ready'
2022-08-08 19:22:49.847 [cluster-ClusterId{value='62f18cb95cd9465548c042f6', description='null'}-ac-9fcfmng-shard-00-00.rbqoldd.mongodb.net:27017] TRACE org.mongodb.driver.cluster - Handling description changed event for server ac-9fcfmng-shard-00-00.rbqoldd.mongodb.net:27017 with description ServerDescription{address=ac-9fcfmng-shard-00-00.rbqoldd.mongodb.net:27017, type=REPLICA_SET_SECONDARY, state=CONNECTED, ok=true, minWireVersion=0, maxWireVersion=13, maxDocumentSize=16777216, logicalSessionTimeoutMinutes=30, roundTripTimeNanos=120934200, setName='atlas-wtm6mu-shard-0', canonicalAddress=ac-9fcfmng-shard-00-00.rbqoldd.mongodb.net:27017, hosts=[ac-9fcfmng-shard-00-02.rbqoldd.mongodb.net:27017, ac-9fcfmng-shard-00-01.rbqoldd.mongodb.net:27017, ac-9fcfmng-shard-00-00.rbqoldd.mongodb.net:27017], passives=[], arbiters=[], primary='ac-9fcfmng-shard-00-02.rbqoldd.mongodb.net:27017', tagSet=TagSet{[Tag{name='nodeType', value='ELECTABLE'}, Tag{name='provider', value='GCP'}, Tag{name='region', value='SOUTH_AMERICA_EAST_1'}, Tag{name='workloadType', value='OPERATIONAL'}]}, electionId=null, setVersion=7, topologyVersion=TopologyVersion{processId=62e92f24b4aa7ac8428beb20, counter=5}, lastWriteDate=Mon Aug 08 19:22:57 ART 2022, lastUpdateTimeNanos=584035571578400}
2022-08-08 19:22:49.847 [MaintenanceTimer-6-thread-1] DEBUG org.mongodb.driver.connection - Pruning pooled connections to ac-9fcfmng-shard-00-00.rbqoldd.mongodb.net:27017
2022-08-08 19:22:49.847 [cluster-ClusterId{value='62f18cb95cd9465548c042f6', description='null'}-ac-9fcfmng-shard-00-00.rbqoldd.mongodb.net:27017] DEBUG org.mongodb.driver.cluster - Updating cluster description to  {type=REPLICA_SET, servers=[{address=ac-9fcfmng-shard-00-00.rbqoldd.mongodb.net:27017, type=REPLICA_SET_SECONDARY, TagSet{[Tag{name='nodeType', value='ELECTABLE'}, Tag{name='provider', value='GCP'}, Tag{name='region', value='SOUTH_AMERICA_EAST_1'}, Tag{name='workloadType', value='OPERATIONAL'}]}, roundTripTime=120.9 ms, state=CONNECTED}, {address=ac-9fcfmng-shard-00-01.rbqoldd.mongodb.net:27017, type=REPLICA_SET_SECONDARY, TagSet{[Tag{name='nodeType', value='ELECTABLE'}, Tag{name='provider', value='GCP'}, Tag{name='region', value='SOUTH_AMERICA_EAST_1'}, Tag{name='workloadType', value='OPERATIONAL'}]}, roundTripTime=115.9 ms, state=CONNECTED}, {address=ac-9fcfmng-shard-00-02.rbqoldd.mongodb.net:27017, type=UNKNOWN, state=CONNECTING}]
2022-08-08 19:22:49.847 [cluster-ClusterId{value='62f18cb95cd9465548c042f6', description='null'}-ac-9fcfmng-shard-00-00.rbqoldd.mongodb.net:27017] DEBUG org.mongodb.driver.cluster - Checking status of ac-9fcfmng-shard-00-00.rbqoldd.mongodb.net:27017
2022-08-08 19:22:49.852 [cluster-ClusterId{value='62f18cb95cd9465548c042f6', description='null'}-ac-9fcfmng-shard-00-02.rbqoldd.mongodb.net:27017] INFO  org.mongodb.driver.connection - Opened connection [connectionId{localValue:12, serverValue:10056}] to ac-9fcfmng-shard-00-02.rbqoldd.mongodb.net:27017
2022-08-08 19:22:49.852 [cluster-ClusterId{value='62f18cb95cd9465548c042f6', description='null'}-ac-9fcfmng-shard-00-02.rbqoldd.mongodb.net:27017] INFO  org.mongodb.driver.cluster - Monitor thread successfully connected to server with description ServerDescription{address=ac-9fcfmng-shard-00-02.rbqoldd.mongodb.net:27017, type=REPLICA_SET_PRIMARY, state=CONNECTED, ok=true, minWireVersion=0, maxWireVersion=13, maxDocumentSize=16777216, logicalSessionTimeoutMinutes=30, roundTripTimeNanos=122172500, setName='atlas-wtm6mu-shard-0', canonicalAddress=ac-9fcfmng-shard-00-02.rbqoldd.mongodb.net:27017, hosts=[ac-9fcfmng-shard-00-02.rbqoldd.mongodb.net:27017, ac-9fcfmng-shard-00-01.rbqoldd.mongodb.net:27017, ac-9fcfmng-shard-00-00.rbqoldd.mongodb.net:27017], passives=[], arbiters=[], primary='ac-9fcfmng-shard-00-02.rbqoldd.mongodb.net:27017', tagSet=TagSet{[Tag{name='nodeType', value='ELECTABLE'}, Tag{name='provider', value='GCP'}, Tag{name='region', value='SOUTH_AMERICA_EAST_1'}, Tag{name='workloadType', value='OPERATIONAL'}]}, electionId=7fffffff0000000000000050, setVersion=7, topologyVersion=TopologyVersion{processId=62f11c32490acc0755c4bc62, counter=6}, lastWriteDate=Mon Aug 08 19:22:57 ART 2022, lastUpdateTimeNanos=584035577326300}
2022-08-08 19:22:49.852 [cluster-ClusterId{value='62f18cb95cd9465548c042f6', description='null'}-ac-9fcfmng-shard-00-02.rbqoldd.mongodb.net:27017] DEBUG org.mongodb.driver.connection - Marking the connection pool for ServerId{clusterId=ClusterId{value='62f18cb95cd9465548c042f6', description='null'}, address=ac-9fcfmng-shard-00-02.rbqoldd.mongodb.net:27017} as 'ready'
2022-08-08 19:22:49.852 [cluster-ClusterId{value='62f18cb95cd9465548c042f6', description='null'}-ac-9fcfmng-shard-00-02.rbqoldd.mongodb.net:27017] TRACE org.mongodb.driver.cluster - Handling description changed event for server ac-9fcfmng-shard-00-02.rbqoldd.mongodb.net:27017 with description ServerDescription{address=ac-9fcfmng-shard-00-02.rbqoldd.mongodb.net:27017, type=REPLICA_SET_PRIMARY, state=CONNECTED, ok=true, minWireVersion=0, maxWireVersion=13, maxDocumentSize=16777216, logicalSessionTimeoutMinutes=30, roundTripTimeNanos=122172500, setName='atlas-wtm6mu-shard-0', canonicalAddress=ac-9fcfmng-shard-00-02.rbqoldd.mongodb.net:27017, hosts=[ac-9fcfmng-shard-00-02.rbqoldd.mongodb.net:27017, ac-9fcfmng-shard-00-01.rbqoldd.mongodb.net:27017, ac-9fcfmng-shard-00-00.rbqoldd.mongodb.net:27017], passives=[], arbiters=[], primary='ac-9fcfmng-shard-00-02.rbqoldd.mongodb.net:27017', tagSet=TagSet{[Tag{name='nodeType', value='ELECTABLE'}, Tag{name='provider', value='GCP'}, Tag{name='region', value='SOUTH_AMERICA_EAST_1'}, Tag{name='workloadType', value='OPERATIONAL'}]}, electionId=7fffffff0000000000000050, setVersion=7, topologyVersion=TopologyVersion{processId=62f11c32490acc0755c4bc62, counter=6}, lastWriteDate=Mon Aug 08 19:22:57 ART 2022, lastUpdateTimeNanos=584035577326300}
2022-08-08 19:22:49.853 [cluster-ClusterId{value='62f18cb95cd9465548c042f6', description='null'}-ac-9fcfmng-shard-00-02.rbqoldd.mongodb.net:27017] INFO  org.mongodb.driver.cluster - Setting max election id to 7fffffff0000000000000050 from replica set primary ac-9fcfmng-shard-00-02.rbqoldd.mongodb.net:27017
2022-08-08 19:22:49.853 [MaintenanceTimer-7-thread-1] DEBUG org.mongodb.driver.connection - Pruning pooled connections to ac-9fcfmng-shard-00-02.rbqoldd.mongodb.net:27017
2022-08-08 19:22:49.853 [cluster-ClusterId{value='62f18cb95cd9465548c042f6', description='null'}-ac-9fcfmng-shard-00-02.rbqoldd.mongodb.net:27017] INFO  org.mongodb.driver.cluster - Setting max set version to 7 from replica set primary ac-9fcfmng-shard-00-02.rbqoldd.mongodb.net:27017
2022-08-08 19:22:49.853 [cluster-ClusterId{value='62f18cb95cd9465548c042f6', description='null'}-ac-9fcfmng-shard-00-02.rbqoldd.mongodb.net:27017] INFO  org.mongodb.driver.cluster - Discovered replica set primary ac-9fcfmng-shard-00-02.rbqoldd.mongodb.net:27017
2022-08-08 19:22:49.853 [cluster-ClusterId{value='62f18cb95cd9465548c042f6', description='null'}-ac-9fcfmng-shard-00-02.rbqoldd.mongodb.net:27017] DEBUG org.mongodb.driver.cluster - Updating cluster description to  {type=REPLICA_SET, servers=[{address=ac-9fcfmng-shard-00-00.rbqoldd.mongodb.net:27017, type=REPLICA_SET_SECONDARY, TagSet{[Tag{name='nodeType', value='ELECTABLE'}, Tag{name='provider', value='GCP'}, Tag{name='region', value='SOUTH_AMERICA_EAST_1'}, Tag{name='workloadType', value='OPERATIONAL'}]}, roundTripTime=120.9 ms, state=CONNECTED}, {address=ac-9fcfmng-shard-00-01.rbqoldd.mongodb.net:27017, type=REPLICA_SET_SECONDARY, TagSet{[Tag{name='nodeType', value='ELECTABLE'}, Tag{name='provider', value='GCP'}, Tag{name='region', value='SOUTH_AMERICA_EAST_1'}, Tag{name='workloadType', value='OPERATIONAL'}]}, roundTripTime=115.9 ms, state=CONNECTED}, {address=ac-9fcfmng-shard-00-02.rbqoldd.mongodb.net:27017, type=REPLICA_SET_PRIMARY, TagSet{[Tag{name='nodeType', value='ELECTABLE'}, Tag{name='provider', value='GCP'}, Tag{name='region', value='SOUTH_AMERICA_EAST_1'}, Tag{name='workloadType', value='OPERATIONAL'}]}, roundTripTime=122.2 ms, state=CONNECTED}]
2022-08-08 19:22:49.853 [cluster-ClusterId{value='62f18cb95cd9465548c042f6', description='null'}-ac-9fcfmng-shard-00-02.rbqoldd.mongodb.net:27017] DEBUG org.mongodb.driver.cluster - Checking status of ac-9fcfmng-shard-00-02.rbqoldd.mongodb.net:27017
2022-08-08 19:22:50.101 [Test worker] INFO  org.mongodb.driver.connection - Opened connection [connectionId{localValue:14, serverValue:10049}] to ac-9fcfmng-shard-00-02.rbqoldd.mongodb.net:27017
2022-08-08 19:22:50.101 [Test worker] TRACE org.mongodb.driver.connection - Pooled connection connectionId{localValue:14, serverValue:10049} to server ServerId{clusterId=ClusterId{value='62f18cb95cd9465548c042f6', description='null'}, address=ac-9fcfmng-shard-00-02.rbqoldd.mongodb.net:27017} is now open
2022-08-08 19:22:50.102 [Test worker] DEBUG org.mongodb.driver.protocol.command - Sending command '{"find": "users", "filter": {}, "$db": "login", "lsid": {"id": {"$binary": {"base64": "UtFpRE8TSxKw7UIaO4X1pA==", "subType": "04"}}}, "apiVersion": "1"}' with request id 26 to database login on connection [connectionId{localValue:14, serverValue:10049}] to server ac-9fcfmng-shard-00-02.rbqoldd.mongodb.net:27017
2022-08-08 19:22:50.151 [Test worker] DEBUG org.mongodb.driver.protocol.command - Execution of command with request id 26 completed successfully in 48.97 ms on connection [connectionId{localValue:14, serverValue:10049}] to server ac-9fcfmng-shard-00-02.rbqoldd.mongodb.net:27017
2022-08-08 19:22:50.151 [Test worker] DEBUG org.mongodb.driver.operation - Received batch of 6 documents with cursorId 0 from server ac-9fcfmng-shard-00-02.rbqoldd.mongodb.net:27017
2022-08-08 19:22:50.151 [Test worker] TRACE org.mongodb.driver.connection - Checked in connection [connectionId{localValue:14, serverValue:10049}] to server ac-9fcfmng-shard-00-02.rbqoldd.mongodb.net:27017
jesu
seba
random
ruben
eremaggi
lgarcia
]]></system-out>
  <system-err><![CDATA[]]></system-err>
</testsuite>
