<?xml version="1.0" encoding="UTF-8"?>
<testsuite name="com.example.ApplicationTest" tests="1" skipped="0" failures="0" errors="0" timestamp="2022-08-08T22:22:46" hostname="DESKTOP-0IN140F" time="1.411">
  <properties/>
  <testcase name="testRoot" classname="com.example.ApplicationTest" time="1.411"/>
  <system-out><![CDATA[2022-08-08 19:22:46.993 [DefaultDispatcher-worker-1 @call-context#2] DEBUG ktor.test - Java Home: C:\Users\Elian\.jdks
2022-08-08 19:22:46.999 [DefaultDispatcher-worker-1 @call-context#2] DEBUG ktor.test - Class Loader: jdk.internal.loader.ClassLoaders$AppClassLoader@73d16e93: [file:/C:/Users/Elian/.gradle/caches/modules-2/files-2.1/ch.qos.logback/logback-classic/1.2.3/7c4f3c474fb2c041d8028740440937705ebb473a/logback-classic-1.2.3.jar!/ch, file:/C:/Users/Elian/.gradle/caches/modules-2/files-2.1/ch.qos.logback/logback-core/1.2.3/864344400c3d4d92dfeb0a305dc87d953677c03c/logback-core-1.2.3.jar!/ch, file:/C:/Users/Elian/.gradle/caches/modules-2/files-2.1/junit/junit/4.13.2/8ac9e16d933b6fb43bc7f576336b8f4d7eb5ba12/junit-4.13.2.jar!/junit, file:/C:/Users/Elian/.gradle/caches/modules-2/files-2.1/org.jetbrains.kotlin/kotlin-android-extensions/1.7.10/6f72eaede229ab1f700f8a3583f7bef832b56f48/kotlin-android-extensions-1.7.10.jar!/org, file:/C:/Users/Elian/.gradle/caches/modules-2/files-2.1/org.mockito/mockito-core/4.6.1/545665913b140db2793a0c37e6a686affd9c08b5/mockito-core-4.6.1.jar!/org, file:/C:/Users/Elian/.gradle/caches/modules-2/files-2.1/org.jetbrains.kotlin/kotlin-compiler-embeddable/1.7.10/909803167c98606fcf22b4c848647c68e351d48d/kotlin-compiler-embeddable-1.7.10.jar!/org, file:/C:/Users/Elian/.gradle/caches/modules-2/files-2.1/org.slf4j/slf4j-api/1.7.36/6c62681a2f655b49963a5983b8b0950a6120ae14/slf4j-api-1.7.36.jar!/org, file:/C:/Users/Elian/.gradle/caches/modules-2/files-2.1/org.fusesource.jansi/jansi/2.4.0/321c614f85f1dea6bb08c1817c60d53b7f3552fd/jansi-2.4.0.jar!/org, file:/C:/Users/Elian/.gradle/caches/modules-2/files-2.1/org.eclipse.jetty.alpn/alpn-api/1.1.3.v20160715/a1bf3a937f91b4c953acd13e8c9552347adc2198/alpn-api-1.1.3.v20160715.jar!/org, file:/C:/Users/Elian/.gradle/caches/modules-2/files-2.1/org.mongodb/bson-record-codec/4.7.0/5f44b16db32f3f9c8948da8694a40bf1cac0bb28/bson-record-codec-4.7.0.jar!/org, file:/C:/Users/Elian/.gradle/caches/modules-2/files-2.1/org.mongodb/bson/4.7.0/37b4c4185d4aba1d95b8baf161171eb4f225df30/bson-4.7.0.jar!/org, file:/C:/Users/Elian/.gradle/caches/modules-2/files-2.1/org.objenesis/objenesis/3.2/7fadf57620c8b8abdf7519533e5527367cb51f09/objenesis-3.2.jar!/org, file:/C:/Users/Elian/.gradle/caches/modules-2/files-2.1/org.jetbrains/annotations/13.0/919f0dfe192fb4e063e7dacadee7f8bb9a2672a9/annotations-13.0.jar!/org, file:/C:/Users/Elian/.gradle/caches/modules-2/files-2.1/org.jetbrains.kotlin/kotlin-daemon-embeddable/1.7.10/3a9f7aef7080d3ae63126cbba4f827ed664f32fa/kotlin-daemon-embeddable-1.7.10.jar!/org, file:/C:/Users/Elian/.gradle/caches/modules-2/files-2.1/org.hamcrest/hamcrest-core/1.3/42a25dc3219429f0e5d060061f71acb49bf010a0/hamcrest-core-1.3.jar!/org, file:/C:/Users/Elian/.gradle/caches/modules-2/files-2.1/org.eclipse.jetty.http2/http2-http-client-transport/9.4.45.v20220203/6a85bcc8549f24283c0b91cf6ab27c8cabe33562/http2-http-client-transport-9.4.45.v20220203.jar!/org, file:/C:/Users/Elian/.gradle/caches/modules-2/files-2.1/org.eclipse.jetty.http2/http2-client/9.4.45.v20220203/7633a1553998760dc57898f436f0b3951dd977aa/http2-client-9.4.45.v20220203.jar!/org, file:/C:/Users/Elian/.gradle/caches/modules-2/files-2.1/org.eclipse.jetty/jetty-client/9.4.45.v20220203/4b90cc74f2af72854c681aa4978f78d54a99ec4e/jetty-client-9.4.45.v20220203.jar!/org, file:/C:/Users/Elian/.gradle/caches/modules-2/files-2.1/org.eclipse.jetty.http2/http2-common/9.4.45.v20220203/ef739ca89ace1db977bd8d4b6b332a3639009a52/http2-common-9.4.45.v20220203.jar!/org, file:/C:/Users/Elian/.gradle/caches/modules-2/files-2.1/org.eclipse.jetty/jetty-alpn-openjdk8-client/9.4.45.v20220203/8aeea9038fa3e9fd690d0476e1b2839c5689a038/jetty-alpn-openjdk8-client-9.4.45.v20220203.jar!/org, file:/C:/Users/Elian/.gradle/caches/modules-2/files-2.1/org.eclipse.jetty/jetty-alpn-java-client/9.4.45.v20220203/d82a865d8c79c0a100c73b56de808e7a12a3cb39/jetty-alpn-java-client-9.4.45.v20220203.jar!/org, file:/C:/Users/Elian/.gradle/caches/modules-2/files-2.1/org.eclipse.jetty/jetty-alpn-client/9.4.45.v20220203/a079c3590b8be5b1a8c5eed3dffa46c3d1a7517b/jetty-alpn-client-9.4.45.v20220203.jar!/org, file:/C:/Users/Elian/.gradle/caches/modules-2/files-2.1/org.eclipse.jetty.http2/http2-hpack/9.4.45.v20220203/dfc26795030836acd938baf90278208ea7dd0a4f/http2-hpack-9.4.45.v20220203.jar!/org, file:/C:/Users/Elian/.gradle/caches/modules-2/files-2.1/org.eclipse.jetty/jetty-http/9.4.45.v20220203/21041f5f0e381b9fe25f540385c51409e7753d5c/jetty-http-9.4.45.v20220203.jar!/org, file:/C:/Users/Elian/.gradle/caches/modules-2/files-2.1/org.eclipse.jetty/jetty-io/9.4.45.v20220203/38b70c9b041717ed6dcd674ae250e912677564df/jetty-io-9.4.45.v20220203.jar!/org, file:/C:/Users/Elian/.gradle/caches/modules-2/files-2.1/org.eclipse.jetty/jetty-util/9.4.45.v20220203/25d25cfb9808f304805e9dc7d3e4b00c7e8e1b76/jetty-util-9.4.45.v20220203.jar!/org, file:/C:/Users/Elian/.gradle/caches/modules-2/files-2.1/io.ktor/ktor-server-tests-jvm/2.0.3/33722edc0b14ca75a68e8b3870bf3630d8f0ef2a/ktor-server-tests-jvm-2.0.3.jar!/io, file:/C:/Users/Elian/.gradle/caches/modules-2/files-2.1/io.ktor/ktor-server-jvm/2.0.3/4708c5151dbdd713be7f341b4a1c35ece14e1afd/ktor-server-jvm-2.0.3.jar!/io, file:/C:/Users/Elian/.gradle/caches/modules-2/files-2.1/io.ktor/ktor-server-content-negotiation-jvm/2.0.3/68fff70bb1f1a2727c221f8b7f3474b61b03fe7f/ktor-server-content-negotiation-jvm-2.0.3.jar!/io, file:/C:/Users/Elian/.gradle/caches/modules-2/files-2.1/io.ktor/ktor-server-netty-jvm/2.0.3/d8af802b69fee80c9d176af41bd6571d79e37cad/ktor-server-netty-jvm-2.0.3.jar!/io, file:/C:/Users/Elian/.gradle/caches/modules-2/files-2.1/io.ktor/ktor-server-test-host-jvm/2.0.3/7e04adc3e64ae41bd4594eaeba5c6bf4bee4fdfb/ktor-server-test-host-jvm-2.0.3.jar!/io, file:/C:/Users/Elian/.gradle/caches/modules-2/files-2.1/io.ktor/ktor-server-host-common-jvm/2.0.3/9fffd4cfa48b881e6078aceaf4f741adfca01fbc/ktor-server-host-common-jvm-2.0.3.jar!/io, file:/C:/Users/Elian/.gradle/caches/modules-2/files-2.1/io.ktor/ktor-server-auto-head-response-jvm/2.0.3/2d5db8a6d501fe0fb293c34c5bd1b8fc8f9c6aec/ktor-server-auto-head-response-jvm-2.0.3.jar!/io, file:/C:/Users/Elian/.gradle/caches/modules-2/files-2.1/io.ktor/ktor-server-caching-headers-jvm/2.0.3/e8a059b4be0b7f62d9c7d958a4fc542f6ff576f5/ktor-server-caching-headers-jvm-2.0.3.jar!/io, file:/C:/Users/Elian/.gradle/caches/modules-2/files-2.1/io.ktor/ktor-server-partial-content-jvm/2.0.3/6c25ca5ffc1597f373aa89fd656690dbdd1422d2/ktor-server-partial-content-jvm-2.0.3.jar!/io, file:/C:/Users/Elian/.gradle/caches/modules-2/files-2.1/io.ktor/ktor-server-conditional-headers-jvm/2.0.3/ec1e83fc06920a489b29b3d0168b7e8cb8469696/ktor-server-conditional-headers-jvm-2.0.3.jar!/io, file:/C:/Users/Elian/.gradle/caches/modules-2/files-2.1/io.ktor/ktor-server-call-id-jvm/2.0.3/f7ae07c69ca0aeb2494473481f6408ac76287dca/ktor-server-call-id-jvm-2.0.3.jar!/io, file:/C:/Users/Elian/.gradle/caches/modules-2/files-2.1/io.ktor/ktor-server-cors-jvm/2.0.3/df87afd73f6d8cdd5daf24e315cc898541d9334b/ktor-server-cors-jvm-2.0.3.jar!/io, file:/C:/Users/Elian/.gradle/caches/modules-2/files-2.1/io.ktor/ktor-server-data-conversion-jvm/2.0.3/8d18b74fef547abb78b2ad0281603a8e7c7fb392/ktor-server-data-conversion-jvm-2.0.3.jar!/io, file:/C:/Users/Elian/.gradle/caches/modules-2/files-2.1/io.ktor/ktor-server-double-receive-jvm/2.0.3/96d83c14606219e7b1ca0bf3a1dd3f90bf214f10/ktor-server-double-receive-jvm-2.0.3.jar!/io, file:/C:/Users/Elian/.gradle/caches/modules-2/files-2.1/io.ktor/ktor-server-forwarded-header-jvm/2.0.3/c244e64cd08cb3806ea6b1bbb957ff742e9a7460/ktor-server-forwarded-header-jvm-2.0.3.jar!/io, file:/C:/Users/Elian/.gradle/caches/modules-2/files-2.1/io.ktor/ktor-server-hsts-jvm/2.0.3/b0ef98b9f52aaad097d6669be83045e7365da89a/ktor-server-hsts-jvm-2.0.3.jar!/io, file:/C:/Users/Elian/.gradle/caches/modules-2/files-2.1/io.ktor/ktor-server-http-redirect-jvm/2.0.3/a01f79be0fcde4029049b46968281b9faeca3bfe/ktor-server-http-redirect-jvm-2.0.3.jar!/io, file:/C:/Users/Elian/.gradle/caches/modules-2/files-2.1/io.ktor/ktor-server-status-pages-jvm/2.0.3/ec6a53f364c3e53004f28e2492b37aeb63d34e71/ktor-server-status-pages-jvm-2.0.3.jar!/io, file:/C:/Users/Elian/.gradle/caches/modules-2/files-2.1/io.ktor/ktor-server-method-override-jvm/2.0.3/13012f2819eb64abf6eae802bead9dcccd7e7efd/ktor-server-method-override-jvm-2.0.3.jar!/io, file:/C:/Users/Elian/.gradle/caches/modules-2/files-2.1/io.ktor/ktor-server-sessions-jvm/2.0.3/6e8f9e5272235b2ae061b2c0028045f3dc6c9375/ktor-server-sessions-jvm-2.0.3.jar!/io, file:/C:/Users/Elian/.gradle/caches/modules-2/files-2.1/io.ktor/ktor-server-call-logging-jvm/2.0.3/ffe1d3314d3e0641f95dc4d2d94786510386479f/ktor-server-call-logging-jvm-2.0.3.jar!/io, file:/C:/Users/Elian/.gradle/caches/modules-2/files-2.1/io.ktor/ktor-server-default-headers-jvm/2.0.3/68f2c28b052d08c8928f77194d94b10ecdad9460/ktor-server-default-headers-jvm-2.0.3.jar!/io, file:/C:/Users/Elian/.gradle/caches/modules-2/files-2.1/io.ktor/ktor-server-compression-jvm/2.0.3/20578600123130f3ba1d7c31bf38fab9d68f2415/ktor-server-compression-jvm-2.0.3.jar!/io, file:/C:/Users/Elian/.gradle/caches/modules-2/files-2.1/io.ktor/ktor-server-websockets-jvm/2.0.3/ea981d9118d5b2ac0e6e8b1b3fc6c36eec4ab6a0/ktor-server-websockets-jvm-2.0.3.jar!/io, file:/C:/Users/Elian/.gradle/caches/modules-2/files-2.1/io.ktor/ktor-server-core-jvm/2.0.3/885635f3765fca5e519cc58c110d3e8d94030d42/ktor-server-core-jvm-2.0.3.jar!/io, file:/C:/Users/Elian/.gradle/caches/modules-2/files-2.1/io.ktor/ktor-serialization-gson-jvm/2.0.3/399f04418e137b5b8d0792158af446654127eb9e/ktor-serialization-gson-jvm-2.0.3.jar!/io, file:/C:/Users/Elian/.gradle/caches/modules-2/files-2.1/io.ktor/ktor-client-jetty-jvm/2.0.3/31b64b78eef090ab4d18a667f8716f7abb2a62a0/ktor-client-jetty-jvm-2.0.3.jar!/io, file:/C:/Users/Elian/.gradle/caches/modules-2/files-2.1/io.ktor/ktor-client-cio-jvm/2.0.3/441a76bd95e9f33ae15bf1ae5c351b70537ca4d8/ktor-client-cio-jvm-2.0.3.jar!/io, file:/C:/Users/Elian/.gradle/caches/modules-2/files-2.1/io.ktor/ktor-client-core-jvm/2.0.3/e070c1592e85cc10067f5dc65c4c5a3a4e0e8022/ktor-client-core-jvm-2.0.3.jar!/io, file:/C:/Users/Elian/.gradle/caches/modules-2/files-2.1/io.ktor/ktor-websocket-serialization-jvm/2.0.3/5b524e8fb2b3afd052b81d72cff84d4242b66a49/ktor-websocket-serialization-jvm-2.0.3.jar!/io, file:/C:/Users/Elian/.gradle/caches/modules-2/files-2.1/io.ktor/ktor-serialization-jvm/2.0.3/4ab5ab0c7e36c3ae5405f21de14325640688d7e7/ktor-serialization-jvm-2.0.3.jar!/io, file:/C:/Users/Elian/.gradle/caches/modules-2/files-2.1/io.ktor/ktor-events-jvm/2.0.3/407b2eede064448e987162bbaf13b21d92546bee/ktor-events-jvm-2.0.3.jar!/io, file:/C:/Users/Elian/.gradle/caches/modules-2/files-2.1/io.ktor/ktor-websockets-jvm/2.0.3/67920d884f3ea3d9c42efc83fc576cf95723090d/ktor-websockets-jvm-2.0.3.jar!/io, file:/C:/Users/Elian/.gradle/caches/modules-2/files-2.1/io.ktor/ktor-http-cio-jvm/2.0.3/a475cb902fb598706d96422ac7fa49ace97eb5fa/ktor-http-cio-jvm-2.0.3.jar!/io, file:/C:/Users/Elian/.gradle/caches/modules-2/files-2.1/io.ktor/ktor-http-jvm/2.0.3/cc8f40ea70fcd24540ceb256df2eb7ea97611435/ktor-http-jvm-2.0.3.jar!/io, file:/C:/Users/Elian/.gradle/caches/modules-2/files-2.1/io.ktor/ktor-network-tls-certificates-jvm/2.0.3/123aceba4e19178b7c001dacaca675f5f60d4961/ktor-network-tls-certificates-jvm-2.0.3.jar!/io, file:/C:/Users/Elian/.gradle/caches/modules-2/files-2.1/io.ktor/ktor-network-tls-jvm/2.0.3/76413c4192466bf5c2caeea23f5886eaa66f40a5/ktor-network-tls-jvm-2.0.3.jar!/io, file:/C:/Users/Elian/.gradle/caches/modules-2/files-2.1/io.ktor/ktor-network-jvm/2.0.3/a6e37fbeaf3a36c627843601b748dcd084c4c23a/ktor-network-jvm-2.0.3.jar!/io, file:/C:/Users/Elian/.gradle/caches/modules-2/files-2.1/io.ktor/ktor-utils-jvm/2.0.3/bb2d10070fa26e50d350a8efa133b4a95ebffdaa/ktor-utils-jvm-2.0.3.jar!/io, file:/C:/Users/Elian/.gradle/caches/modules-2/files-2.1/io.ktor/ktor-io-jvm/2.0.3/d944d914b3a4686a91cbc8f68a0f034a322df15b/ktor-io-jvm-2.0.3.jar!/io, file:/C:/Users/Elian/.gradle/caches/modules-2/files-2.1/io.ktor/ktor-test-dispatcher-jvm/2.0.3/679a902913baaf41ce1daab9a0271a8b987cb79/ktor-test-dispatcher-jvm-2.0.3.jar!/io, file:/C:/Users/Elian/.gradle/caches/modules-2/files-2.1/io.netty/netty-codec-http2/4.1.77.Final/9e58eeeacc74f8ad2b2acb240b1f01d2c40159d7/netty-codec-http2-4.1.77.Final.jar!/io, file:/C:/Users/Elian/.gradle/caches/modules-2/files-2.1/io.netty/netty-codec-http/4.1.77.Final/c5ac5afa9af5b4dc0e8bdbfd686979af77ebdb3c/netty-codec-http-4.1.77.Final.jar!/io, file:/C:/Users/Elian/.gradle/caches/modules-2/files-2.1/io.netty/netty-handler/4.1.77.Final/47a81089de03635a27f509f3e4e13386ae1db275/netty-handler-4.1.77.Final.jar!/io, file:/C:/Users/Elian/.gradle/caches/modules-2/files-2.1/io.netty/netty-codec/4.1.77.Final/4efc5f59335301d6ba0d7cd31dd10651119b03c8/netty-codec-4.1.77.Final.jar!/io, file:/C:/Users/Elian/.gradle/caches/modules-2/files-2.1/io.netty/netty-transport-classes-kqueue/4.1.77.Final/d82618d83946911d0550fcccc87f18de85d7ade9/netty-transport-classes-kqueue-4.1.77.Final.jar!/io, file:/C:/Users/Elian/.gradle/caches/modules-2/files-2.1/io.netty/netty-transport-classes-epoll/4.1.77.Final/dd70dbccbcf98382223a59044f3c08d8e9920cad/netty-transport-classes-epoll-4.1.77.Final.jar!/io, file:/C:/Users/Elian/.gradle/caches/modules-2/files-2.1/io.netty/netty-transport-native-unix-common/4.1.77.Final/c95d53486414b3270d08057957c5da8e0c37e4eb/netty-transport-native-unix-common-4.1.77.Final.jar!/io, file:/C:/Users/Elian/.gradle/caches/modules-2/files-2.1/io.netty/netty-transport/4.1.77.Final/2a3373bbd20d520c821f210bd5ee886788512043/netty-transport-4.1.77.Final.jar!/io, file:/C:/Users/Elian/.gradle/caches/modules-2/files-2.1/io.netty/netty-buffer/4.1.77.Final/d97571f99e5e739d86824d0df99f35d295276b5f/netty-buffer-4.1.77.Final.jar!/io, file:/C:/Users/Elian/.gradle/caches/modules-2/files-2.1/io.netty/netty-resolver/4.1.77.Final/4a239dbf8d8bb5f98aa51462c35011c0516395fd/netty-resolver-4.1.77.Final.jar!/io, file:/C:/Users/Elian/.gradle/caches/modules-2/files-2.1/io.netty/netty-common/4.1.77.Final/ea0fc20f4e6178966b9d62017b7fcb83dfe0e713/netty-common-4.1.77.Final.jar!/io, /C:/Users/Elian/Desktop/Workstation/Login-Topic-Twister/build/classes/kotlin/test/com, /C:/Users/Elian/Desktop/Workstation/Login-Topic-Twister/build/classes/kotlin/main/com, file:/C:/Users/Elian/.gradle/caches/modules-2/files-2.1/org.mongodb/mongodb-driver-sync/4.7.0/bfac6726fb5f9b8dd69a1e8d8f4b7fe632f04faa/mongodb-driver-sync-4.7.0.jar!/com, file:/C:/Users/Elian/.gradle/caches/modules-2/files-2.1/com.typesafe/config/1.4.1/19058a07624a87f90d129af7cd9c68bee94535a9/config-1.4.1.jar!/com, file:/C:/Users/Elian/.gradle/caches/modules-2/files-2.1/com.google.code.gson/gson/2.9.0/8a1167e089096758b49f9b34066ef98b2f4b37aa/gson-2.9.0.jar!/com/, file:/C:/Users/Elian/.gradle/caches/modules-2/files-2.1/org.mongodb/mongodb-driver-core/4.7.0/b4300e6d0a13038cb56f22f7ee9b8576e346d6f4/mongodb-driver-core-4.7.0.jar!/com, file:/C:/Users/Elian/.gradle/caches/modules-2/files-2.1/net.java.dev.jna/jna-platform/5.9.0/c535a5bda553d7d7690356c825010da74b2671b5/jna-platform-5.9.0.jar!/com, file:/C:/Users/Elian/.gradle/caches/modules-2/files-2.1/net.java.dev.jna/jna/5.9.0/8f503e6d9b500ceff299052d6be75b38c7257758/jna-5.9.0.jar!/com, file:/C:/Users/Elian/.gradle/caches/modules-2/files-2.1/org.jetbrains.kotlinx/kotlinx-coroutines-jdk8/1.6.2/acf5ee3be3fdde5b2c8d7c5fa64af51f5d06317e/kotlinx-coroutines-jdk8-1.6.2.jar!/kotlinx, file:/C:/Users/Elian/.gradle/caches/modules-2/files-2.1/org.jetbrains.kotlinx/kotlinx-coroutines-slf4j/1.6.2/cd4633b721684d6a49de4f91f23463efedb3ee6b/kotlinx-coroutines-slf4j-1.6.2.jar!/kotlinx, file:/C:/Users/Elian/.gradle/caches/modules-2/files-2.1/org.jetbrains.kotlinx/kotlinx-coroutines-core-jvm/1.6.2/c2f7205a38888f9c96150a5f42bec9d4cb16f059/kotlinx-coroutines-core-jvm-1.6.2.jar!/kotlinx, file:/C:/Users/Elian/.gradle/caches/modules-2/files-2.1/org.jetbrains.kotlinx/kotlinx-coroutines-debug/1.6.2/c2521e5d7d2a1b1ee992f2ab4f66a5a88b9c16c9/kotlinx-coroutines-debug-1.6.2.jar!/kotlinx, file:/C:/Users/Elian/.gradle/caches/modules-2/files-2.1/org.jetbrains.kotlin/kotlin-stdlib-jdk8/1.7.10/d70d7d2c56371f7aa18f32e984e3e2e998fe9081/kotlin-stdlib-jdk8-1.7.10.jar!/kotlin/, file:/C:/Users/Elian/.gradle/caches/modules-2/files-2.1/org.jetbrains.kotlin/kotlin-test/1.7.10/4d644a88cc0a386712d4b1c1b4ca748203421e07/kotlin-test-1.7.10.jar!/kotlin/, file:/C:/Users/Elian/.gradle/caches/modules-2/files-2.1/org.jetbrains.kotlin/kotlin-test-junit/1.7.10/27228b08adb999a47ae98ac03e98e1f3132f83ca/kotlin-test-junit-1.7.10.jar!/kotlin/, file:/C:/Users/Elian/.gradle/caches/modules-2/files-2.1/org.jetbrains.kotlin/kotlin-stdlib-jdk7/1.7.10/1ef73fee66f45d52c67e2aca12fd945dbe0659bf/kotlin-stdlib-jdk7-1.7.10.jar!/kotlin/, file:/C:/Users/Elian/.gradle/caches/modules-2/files-2.1/org.jetbrains.kotlin/kotlin-reflect/1.7.10/165e600dfea6185cf5efa700756294cc4904dbeb/kotlin-reflect-1.7.10.jar!/META-INF/versions/9/kotlin/, file:/C:/Users/Elian/.gradle/caches/modules-2/files-2.1/org.jetbrains.kotlin/kotlin-stdlib/1.7.10/d2abf9e77736acc4450dc4a3f707fa2c10f5099d/kotlin-stdlib-1.7.10.jar!/kotlin/, file:/C:/Users/Elian/.gradle/caches/modules-2/files-2.1/org.jetbrains.kotlin/kotlin-stdlib-common/1.7.10/bac80c520d0a9e3f3673bc2658c6ed02ef45a76a/kotlin-stdlib-common-1.7.10.jar!/kotlin, file:/C:/Users/Elian/.gradle/caches/modules-2/files-2.1/org.jetbrains.kotlin/kotlin-script-runtime/1.7.10/c99c87a6988d8fd8d5142e9ed5c9f34a7cf561ee/kotlin-script-runtime-1.7.10.jar!/kotlin, /C:/Users/Elian/Desktop/Workstation/Login-Topic-Twister/build/classes/kotlin/test/com/example, /C:/Users/Elian/Desktop/Workstation/Login-Topic-Twister/build/classes/kotlin/main/com/example, /C:/Users/Elian/Desktop/Workstation/Login-Topic-Twister/build/classes/kotlin/test/, /C:/Users/Elian/Desktop/Workstation/Login-Topic-Twister/build/classes/kotlin/main/, /C:/Users/Elian/Desktop/Workstation/Login-Topic-Twister/build/resources/main/, file:/C:/Users/Elian/.gradle/caches/modules-2/files-2.1/net.bytebuddy/byte-buddy/1.12.10/f34127d93639fad8c6fb84b3ca30292697d6c55d/byte-buddy-1.12.10.jar!/META-INF/versions/9/, file:/C:/Users/Elian/.gradle/caches/modules-2/files-2.1/net.bytebuddy/byte-buddy-agent/1.12.10/1f097f8d6cad60e8f93e5eb670cf5dc9b64da32/byte-buddy-agent-1.12.10.jar!/META-INF/versions/9/]
2022-08-08 19:22:47.009 [DefaultDispatcher-worker-1 @call-context#2] INFO  ktor.test - No ktor.deployment.watch patterns match classpath entries, automatic reload is not active
2022-08-08 19:22:47.329 [DefaultDispatcher-worker-1 @call-context#2] INFO  ktor.test - Application started in 0.417 seconds.
]]></system-out>
  <system-err><![CDATA[]]></system-err>
</testsuite>
