<?xml version="1.0" encoding="UTF-8"?>
<testsuite name="com.example.model.repository.UserIDRepositoryTest" tests="1" skipped="0" failures="0" errors="0" timestamp="2022-07-24T22:59:45" hostname="DESKTOP-0IN140F" time="2.152">
  <properties/>
  <testcase name="userIdRepositoryShouldContainItemsInUserIDList" classname="com.example.model.repository.UserIDRepositoryTest" time="2.152"/>
  <system-out><![CDATA[2022-07-24 19:59:45.612 [cluster-ClusterId{value='62ddcee1fdea0c07f898dbda', description='null'}-srv-topictwister.rbqoldd.mongodb.net] INFO  org.mongodb.driver.cluster - Adding discovered server ac-9fcfmng-shard-00-01.rbqoldd.mongodb.net:27017 to client view of cluster
2022-07-24 19:59:45.628 [Test worker] INFO  org.mongodb.driver.client - MongoClient with metadata {"driver": {"name": "mongo-java-driver|sync", "version": "4.7.0"}, "os": {"type": "Windows", "name": "Windows 10", "architecture": "amd64", "version": "10.0"}, "platform": "Java/Amazon.com Inc./17.0.3+6-LTS"} created with settings MongoClientSettings{readPreference=primary, writeConcern=WriteConcern{w=majority, wTimeout=null ms, journal=null}, retryWrites=true, retryReads=true, readConcern=ReadConcern{level=null}, credential=MongoCredential{mechanism=null, userName='root', source='admin', password=<hidden>, mechanismProperties=<hidden>}, streamFactoryFactory=null, commandListeners=[], codecRegistry=ProvidersCodecRegistry{codecProviders=[ValueCodecProvider{}, BsonValueCodecProvider{}, DBRefCodecProvider{}, DBObjectCodecProvider{}, DocumentCodecProvider{}, IterableCodecProvider{}, MapCodecProvider{}, GeoJsonCodecProvider{}, GridFSFileCodecProvider{}, Jsr310CodecProvider{}, JsonObjectCodecProvider{}, BsonCodecProvider{}, EnumCodecProvider{}, com.mongodb.Jep395RecordCodecProvider@75cd8043]}, clusterSettings={hosts=[127.0.0.1:27017], srvHost=topictwister.rbqoldd.mongodb.net, srvServiceName=mongodb, mode=MULTIPLE, requiredClusterType=REPLICA_SET, requiredReplicaSetName='atlas-wtm6mu-shard-0', serverSelector='null', clusterListeners='[]', serverSelectionTimeout='30000 ms', localThreshold='30000 ms'}, socketSettings=SocketSettings{connectTimeoutMS=10000, readTimeoutMS=0, receiveBufferSize=0, sendBufferSize=0}, heartbeatSocketSettings=SocketSettings{connectTimeoutMS=10000, readTimeoutMS=10000, receiveBufferSize=0, sendBufferSize=0}, connectionPoolSettings=ConnectionPoolSettings{maxSize=100, minSize=0, maxWaitTimeMS=120000, maxConnectionLifeTimeMS=0, maxConnectionIdleTimeMS=0, maintenanceInitialDelayMS=0, maintenanceFrequencyMS=60000, connectionPoolListeners=[], maxConnecting=2}, serverSettings=ServerSettings{heartbeatFrequencyMS=10000, minHeartbeatFrequencyMS=500, serverListeners='[]', serverMonitorListeners='[]'}, sslSettings=SslSettings{enabled=true, invalidHostNameAllowed=false, context=null}, applicationName='null', compressorList=[], uuidRepresentation=UNSPECIFIED, serverApi=ServerApi{version=V1, deprecationErrors=null, strict=null}, autoEncryptionSettings=null, contextProvider=null}
2022-07-24 19:59:45.634 [cluster-ClusterId{value='62ddcee1fdea0c07f898dbda', description='null'}-srv-topictwister.rbqoldd.mongodb.net] INFO  org.mongodb.driver.cluster - Adding discovered server ac-9fcfmng-shard-00-00.rbqoldd.mongodb.net:27017 to client view of cluster
2022-07-24 19:59:45.635 [cluster-ClusterId{value='62ddcee1fdea0c07f898dbda', description='null'}-srv-topictwister.rbqoldd.mongodb.net] INFO  org.mongodb.driver.cluster - Adding discovered server ac-9fcfmng-shard-00-02.rbqoldd.mongodb.net:27017 to client view of cluster
2022-07-24 19:59:45.636 [cluster-ClusterId{value='62ddcee1fdea0c07f898dbda', description='null'}-srv-topictwister.rbqoldd.mongodb.net] DEBUG org.mongodb.driver.cluster - Updating cluster description to  {type=REPLICA_SET, servers=[{address=ac-9fcfmng-shard-00-00.rbqoldd.mongodb.net:27017, type=UNKNOWN, state=CONNECTING}, {address=ac-9fcfmng-shard-00-01.rbqoldd.mongodb.net:27017, type=UNKNOWN, state=CONNECTING}, {address=ac-9fcfmng-shard-00-02.rbqoldd.mongodb.net:27017, type=UNKNOWN, state=CONNECTING}]
2022-07-24 19:59:45.660 [Test worker] INFO  org.mongodb.driver.cluster - No server chosen by com.mongodb.client.internal.MongoClientDelegate$1@53f0a4cb from cluster description ClusterDescription{type=REPLICA_SET, connectionMode=MULTIPLE, serverDescriptions=[ServerDescription{address=ac-9fcfmng-shard-00-00.rbqoldd.mongodb.net:27017, type=UNKNOWN, state=CONNECTING}, ServerDescription{address=ac-9fcfmng-shard-00-01.rbqoldd.mongodb.net:27017, type=UNKNOWN, state=CONNECTING}, ServerDescription{address=ac-9fcfmng-shard-00-02.rbqoldd.mongodb.net:27017, type=UNKNOWN, state=CONNECTING}]}. Waiting for 30000 ms before timing out
2022-07-24 19:59:46.065 [cluster-ClusterId{value='62ddcee1fdea0c07f898dbda', description='null'}-ac-9fcfmng-shard-00-01.rbqoldd.mongodb.net:27017] INFO  org.mongodb.driver.connection - Opened connection [connectionId{localValue:3, serverValue:310833}] to ac-9fcfmng-shard-00-01.rbqoldd.mongodb.net:27017
2022-07-24 19:59:46.065 [cluster-rtt-ClusterId{value='62ddcee1fdea0c07f898dbda', description='null'}-ac-9fcfmng-shard-00-02.rbqoldd.mongodb.net:27017] INFO  org.mongodb.driver.connection - Opened connection [connectionId{localValue:6, serverValue:352055}] to ac-9fcfmng-shard-00-02.rbqoldd.mongodb.net:27017
2022-07-24 19:59:46.065 [cluster-ClusterId{value='62ddcee1fdea0c07f898dbda', description='null'}-ac-9fcfmng-shard-00-00.rbqoldd.mongodb.net:27017] INFO  org.mongodb.driver.connection - Opened connection [connectionId{localValue:4, serverValue:311476}] to ac-9fcfmng-shard-00-00.rbqoldd.mongodb.net:27017
2022-07-24 19:59:46.077 [cluster-ClusterId{value='62ddcee1fdea0c07f898dbda', description='null'}-ac-9fcfmng-shard-00-00.rbqoldd.mongodb.net:27017] INFO  org.mongodb.driver.cluster - Monitor thread successfully connected to server with description ServerDescription{address=ac-9fcfmng-shard-00-00.rbqoldd.mongodb.net:27017, type=REPLICA_SET_SECONDARY, state=CONNECTED, ok=true, minWireVersion=0, maxWireVersion=13, maxDocumentSize=16777216, logicalSessionTimeoutMinutes=30, roundTripTimeNanos=262324600, setName='atlas-wtm6mu-shard-0', canonicalAddress=ac-9fcfmng-shard-00-00.rbqoldd.mongodb.net:27017, hosts=[ac-9fcfmng-shard-00-02.rbqoldd.mongodb.net:27017, ac-9fcfmng-shard-00-01.rbqoldd.mongodb.net:27017, ac-9fcfmng-shard-00-00.rbqoldd.mongodb.net:27017], passives=[], arbiters=[], primary='ac-9fcfmng-shard-00-02.rbqoldd.mongodb.net:27017', tagSet=TagSet{[Tag{name='nodeType', value='ELECTABLE'}, Tag{name='provider', value='GCP'}, Tag{name='region', value='SOUTH_AMERICA_EAST_1'}, Tag{name='workloadType', value='OPERATIONAL'}]}, electionId=null, setVersion=7, topologyVersion=TopologyVersion{processId=62cd823165be8eefe8e38b53, counter=4}, lastWriteDate=Sun Jul 24 19:59:48 ART 2022, lastUpdateTimeNanos=606414228596600}
2022-07-24 19:59:46.077 [cluster-ClusterId{value='62ddcee1fdea0c07f898dbda', description='null'}-ac-9fcfmng-shard-00-01.rbqoldd.mongodb.net:27017] INFO  org.mongodb.driver.cluster - Monitor thread successfully connected to server with description ServerDescription{address=ac-9fcfmng-shard-00-01.rbqoldd.mongodb.net:27017, type=REPLICA_SET_SECONDARY, state=CONNECTED, ok=true, minWireVersion=0, maxWireVersion=13, maxDocumentSize=16777216, logicalSessionTimeoutMinutes=30, roundTripTimeNanos=263154000, setName='atlas-wtm6mu-shard-0', canonicalAddress=ac-9fcfmng-shard-00-01.rbqoldd.mongodb.net:27017, hosts=[ac-9fcfmng-shard-00-02.rbqoldd.mongodb.net:27017, ac-9fcfmng-shard-00-01.rbqoldd.mongodb.net:27017, ac-9fcfmng-shard-00-00.rbqoldd.mongodb.net:27017], passives=[], arbiters=[], primary='ac-9fcfmng-shard-00-02.rbqoldd.mongodb.net:27017', tagSet=TagSet{[Tag{name='nodeType', value='ELECTABLE'}, Tag{name='provider', value='GCP'}, Tag{name='region', value='SOUTH_AMERICA_EAST_1'}, Tag{name='workloadType', value='OPERATIONAL'}]}, electionId=null, setVersion=7, topologyVersion=TopologyVersion{processId=62cd82f2f40e9366dbc7bc93, counter=3}, lastWriteDate=Sun Jul 24 19:59:48 ART 2022, lastUpdateTimeNanos=606414229423400}
2022-07-24 19:59:46.080 [cluster-ClusterId{value='62ddcee1fdea0c07f898dbda', description='null'}-ac-9fcfmng-shard-00-01.rbqoldd.mongodb.net:27017] DEBUG org.mongodb.driver.connection - Marking the connection pool for ServerId{clusterId=ClusterId{value='62ddcee1fdea0c07f898dbda', description='null'}, address=ac-9fcfmng-shard-00-01.rbqoldd.mongodb.net:27017} as 'ready'
2022-07-24 19:59:46.080 [MaintenanceTimer-2-thread-1] DEBUG org.mongodb.driver.connection - Pruning pooled connections to ac-9fcfmng-shard-00-01.rbqoldd.mongodb.net:27017
2022-07-24 19:59:46.080 [cluster-ClusterId{value='62ddcee1fdea0c07f898dbda', description='null'}-ac-9fcfmng-shard-00-01.rbqoldd.mongodb.net:27017] TRACE org.mongodb.driver.cluster - Handling description changed event for server ac-9fcfmng-shard-00-01.rbqoldd.mongodb.net:27017 with description ServerDescription{address=ac-9fcfmng-shard-00-01.rbqoldd.mongodb.net:27017, type=REPLICA_SET_SECONDARY, state=CONNECTED, ok=true, minWireVersion=0, maxWireVersion=13, maxDocumentSize=16777216, logicalSessionTimeoutMinutes=30, roundTripTimeNanos=263154000, setName='atlas-wtm6mu-shard-0', canonicalAddress=ac-9fcfmng-shard-00-01.rbqoldd.mongodb.net:27017, hosts=[ac-9fcfmng-shard-00-02.rbqoldd.mongodb.net:27017, ac-9fcfmng-shard-00-01.rbqoldd.mongodb.net:27017, ac-9fcfmng-shard-00-00.rbqoldd.mongodb.net:27017], passives=[], arbiters=[], primary='ac-9fcfmng-shard-00-02.rbqoldd.mongodb.net:27017', tagSet=TagSet{[Tag{name='nodeType', value='ELECTABLE'}, Tag{name='provider', value='GCP'}, Tag{name='region', value='SOUTH_AMERICA_EAST_1'}, Tag{name='workloadType', value='OPERATIONAL'}]}, electionId=null, setVersion=7, topologyVersion=TopologyVersion{processId=62cd82f2f40e9366dbc7bc93, counter=3}, lastWriteDate=Sun Jul 24 19:59:48 ART 2022, lastUpdateTimeNanos=606414229423400}
2022-07-24 19:59:46.082 [cluster-ClusterId{value='62ddcee1fdea0c07f898dbda', description='null'}-ac-9fcfmng-shard-00-01.rbqoldd.mongodb.net:27017] DEBUG org.mongodb.driver.cluster - Updating cluster description to  {type=REPLICA_SET, servers=[{address=ac-9fcfmng-shard-00-00.rbqoldd.mongodb.net:27017, type=UNKNOWN, state=CONNECTING}, {address=ac-9fcfmng-shard-00-01.rbqoldd.mongodb.net:27017, type=REPLICA_SET_SECONDARY, TagSet{[Tag{name='nodeType', value='ELECTABLE'}, Tag{name='provider', value='GCP'}, Tag{name='region', value='SOUTH_AMERICA_EAST_1'}, Tag{name='workloadType', value='OPERATIONAL'}]}, roundTripTime=263.2 ms, state=CONNECTED}, {address=ac-9fcfmng-shard-00-02.rbqoldd.mongodb.net:27017, type=UNKNOWN, state=CONNECTING}]
2022-07-24 19:59:46.082 [cluster-ClusterId{value='62ddcee1fdea0c07f898dbda', description='null'}-ac-9fcfmng-shard-00-01.rbqoldd.mongodb.net:27017] DEBUG org.mongodb.driver.cluster - Checking status of ac-9fcfmng-shard-00-01.rbqoldd.mongodb.net:27017
2022-07-24 19:59:46.082 [cluster-ClusterId{value='62ddcee1fdea0c07f898dbda', description='null'}-ac-9fcfmng-shard-00-00.rbqoldd.mongodb.net:27017] DEBUG org.mongodb.driver.connection - Marking the connection pool for ServerId{clusterId=ClusterId{value='62ddcee1fdea0c07f898dbda', description='null'}, address=ac-9fcfmng-shard-00-00.rbqoldd.mongodb.net:27017} as 'ready'
2022-07-24 19:59:46.082 [cluster-ClusterId{value='62ddcee1fdea0c07f898dbda', description='null'}-ac-9fcfmng-shard-00-00.rbqoldd.mongodb.net:27017] TRACE org.mongodb.driver.cluster - Handling description changed event for server ac-9fcfmng-shard-00-00.rbqoldd.mongodb.net:27017 with description ServerDescription{address=ac-9fcfmng-shard-00-00.rbqoldd.mongodb.net:27017, type=REPLICA_SET_SECONDARY, state=CONNECTED, ok=true, minWireVersion=0, maxWireVersion=13, maxDocumentSize=16777216, logicalSessionTimeoutMinutes=30, roundTripTimeNanos=262324600, setName='atlas-wtm6mu-shard-0', canonicalAddress=ac-9fcfmng-shard-00-00.rbqoldd.mongodb.net:27017, hosts=[ac-9fcfmng-shard-00-02.rbqoldd.mongodb.net:27017, ac-9fcfmng-shard-00-01.rbqoldd.mongodb.net:27017, ac-9fcfmng-shard-00-00.rbqoldd.mongodb.net:27017], passives=[], arbiters=[], primary='ac-9fcfmng-shard-00-02.rbqoldd.mongodb.net:27017', tagSet=TagSet{[Tag{name='nodeType', value='ELECTABLE'}, Tag{name='provider', value='GCP'}, Tag{name='region', value='SOUTH_AMERICA_EAST_1'}, Tag{name='workloadType', value='OPERATIONAL'}]}, electionId=null, setVersion=7, topologyVersion=TopologyVersion{processId=62cd823165be8eefe8e38b53, counter=4}, lastWriteDate=Sun Jul 24 19:59:48 ART 2022, lastUpdateTimeNanos=606414228596600}
2022-07-24 19:59:46.082 [cluster-ClusterId{value='62ddcee1fdea0c07f898dbda', description='null'}-ac-9fcfmng-shard-00-00.rbqoldd.mongodb.net:27017] DEBUG org.mongodb.driver.cluster - Updating cluster description to  {type=REPLICA_SET, servers=[{address=ac-9fcfmng-shard-00-00.rbqoldd.mongodb.net:27017, type=REPLICA_SET_SECONDARY, TagSet{[Tag{name='nodeType', value='ELECTABLE'}, Tag{name='provider', value='GCP'}, Tag{name='region', value='SOUTH_AMERICA_EAST_1'}, Tag{name='workloadType', value='OPERATIONAL'}]}, roundTripTime=262.3 ms, state=CONNECTED}, {address=ac-9fcfmng-shard-00-01.rbqoldd.mongodb.net:27017, type=REPLICA_SET_SECONDARY, TagSet{[Tag{name='nodeType', value='ELECTABLE'}, Tag{name='provider', value='GCP'}, Tag{name='region', value='SOUTH_AMERICA_EAST_1'}, Tag{name='workloadType', value='OPERATIONAL'}]}, roundTripTime=263.2 ms, state=CONNECTED}, {address=ac-9fcfmng-shard-00-02.rbqoldd.mongodb.net:27017, type=UNKNOWN, state=CONNECTING}]
2022-07-24 19:59:46.082 [cluster-ClusterId{value='62ddcee1fdea0c07f898dbda', description='null'}-ac-9fcfmng-shard-00-00.rbqoldd.mongodb.net:27017] DEBUG org.mongodb.driver.cluster - Checking status of ac-9fcfmng-shard-00-00.rbqoldd.mongodb.net:27017
2022-07-24 19:59:46.083 [MaintenanceTimer-3-thread-1] DEBUG org.mongodb.driver.connection - Pruning pooled connections to ac-9fcfmng-shard-00-00.rbqoldd.mongodb.net:27017
2022-07-24 19:59:46.090 [Test worker] INFO  org.mongodb.driver.cluster - No server chosen by ReadPreferenceServerSelector{readPreference=primary} from cluster description ClusterDescription{type=REPLICA_SET, connectionMode=MULTIPLE, serverDescriptions=[ServerDescription{address=ac-9fcfmng-shard-00-00.rbqoldd.mongodb.net:27017, type=REPLICA_SET_SECONDARY, state=CONNECTED, ok=true, minWireVersion=0, maxWireVersion=13, maxDocumentSize=16777216, logicalSessionTimeoutMinutes=30, roundTripTimeNanos=262324600, setName='atlas-wtm6mu-shard-0', canonicalAddress=ac-9fcfmng-shard-00-00.rbqoldd.mongodb.net:27017, hosts=[ac-9fcfmng-shard-00-02.rbqoldd.mongodb.net:27017, ac-9fcfmng-shard-00-01.rbqoldd.mongodb.net:27017, ac-9fcfmng-shard-00-00.rbqoldd.mongodb.net:27017], passives=[], arbiters=[], primary='ac-9fcfmng-shard-00-02.rbqoldd.mongodb.net:27017', tagSet=TagSet{[Tag{name='nodeType', value='ELECTABLE'}, Tag{name='provider', value='GCP'}, Tag{name='region', value='SOUTH_AMERICA_EAST_1'}, Tag{name='workloadType', value='OPERATIONAL'}]}, electionId=null, setVersion=7, topologyVersion=TopologyVersion{processId=62cd823165be8eefe8e38b53, counter=4}, lastWriteDate=Sun Jul 24 19:59:48 ART 2022, lastUpdateTimeNanos=606414228596600}, ServerDescription{address=ac-9fcfmng-shard-00-01.rbqoldd.mongodb.net:27017, type=REPLICA_SET_SECONDARY, state=CONNECTED, ok=true, minWireVersion=0, maxWireVersion=13, maxDocumentSize=16777216, logicalSessionTimeoutMinutes=30, roundTripTimeNanos=263154000, setName='atlas-wtm6mu-shard-0', canonicalAddress=ac-9fcfmng-shard-00-01.rbqoldd.mongodb.net:27017, hosts=[ac-9fcfmng-shard-00-02.rbqoldd.mongodb.net:27017, ac-9fcfmng-shard-00-01.rbqoldd.mongodb.net:27017, ac-9fcfmng-shard-00-00.rbqoldd.mongodb.net:27017], passives=[], arbiters=[], primary='ac-9fcfmng-shard-00-02.rbqoldd.mongodb.net:27017', tagSet=TagSet{[Tag{name='nodeType', value='ELECTABLE'}, Tag{name='provider', value='GCP'}, Tag{name='region', value='SOUTH_AMERICA_EAST_1'}, Tag{name='workloadType', value='OPERATIONAL'}]}, electionId=null, setVersion=7, topologyVersion=TopologyVersion{processId=62cd82f2f40e9366dbc7bc93, counter=3}, lastWriteDate=Sun Jul 24 19:59:48 ART 2022, lastUpdateTimeNanos=606414229423400}, ServerDescription{address=ac-9fcfmng-shard-00-02.rbqoldd.mongodb.net:27017, type=UNKNOWN, state=CONNECTING}]}. Waiting for 30000 ms before timing out
2022-07-24 19:59:46.376 [cluster-rtt-ClusterId{value='62ddcee1fdea0c07f898dbda', description='null'}-ac-9fcfmng-shard-00-01.rbqoldd.mongodb.net:27017] INFO  org.mongodb.driver.connection - Opened connection [connectionId{localValue:1, serverValue:310838}] to ac-9fcfmng-shard-00-01.rbqoldd.mongodb.net:27017
2022-07-24 19:59:46.935 [cluster-ClusterId{value='62ddcee1fdea0c07f898dbda', description='null'}-ac-9fcfmng-shard-00-02.rbqoldd.mongodb.net:27017] INFO  org.mongodb.driver.connection - Opened connection [connectionId{localValue:5, serverValue:351914}] to ac-9fcfmng-shard-00-02.rbqoldd.mongodb.net:27017
2022-07-24 19:59:46.935 [cluster-ClusterId{value='62ddcee1fdea0c07f898dbda', description='null'}-ac-9fcfmng-shard-00-02.rbqoldd.mongodb.net:27017] INFO  org.mongodb.driver.cluster - Monitor thread successfully connected to server with description ServerDescription{address=ac-9fcfmng-shard-00-02.rbqoldd.mongodb.net:27017, type=REPLICA_SET_PRIMARY, state=CONNECTED, ok=true, minWireVersion=0, maxWireVersion=13, maxDocumentSize=16777216, logicalSessionTimeoutMinutes=30, roundTripTimeNanos=132557400, setName='atlas-wtm6mu-shard-0', canonicalAddress=ac-9fcfmng-shard-00-02.rbqoldd.mongodb.net:27017, hosts=[ac-9fcfmng-shard-00-02.rbqoldd.mongodb.net:27017, ac-9fcfmng-shard-00-01.rbqoldd.mongodb.net:27017, ac-9fcfmng-shard-00-00.rbqoldd.mongodb.net:27017], passives=[], arbiters=[], primary='ac-9fcfmng-shard-00-02.rbqoldd.mongodb.net:27017', tagSet=TagSet{[Tag{name='nodeType', value='ELECTABLE'}, Tag{name='provider', value='GCP'}, Tag{name='region', value='SOUTH_AMERICA_EAST_1'}, Tag{name='workloadType', value='OPERATIONAL'}]}, electionId=7fffffff000000000000004e, setVersion=7, topologyVersion=TopologyVersion{processId=62cc312d2478d6f6b7a586df, counter=6}, lastWriteDate=Sun Jul 24 19:59:48 ART 2022, lastUpdateTimeNanos=606415099464400}
2022-07-24 19:59:46.936 [cluster-ClusterId{value='62ddcee1fdea0c07f898dbda', description='null'}-ac-9fcfmng-shard-00-02.rbqoldd.mongodb.net:27017] DEBUG org.mongodb.driver.connection - Marking the connection pool for ServerId{clusterId=ClusterId{value='62ddcee1fdea0c07f898dbda', description='null'}, address=ac-9fcfmng-shard-00-02.rbqoldd.mongodb.net:27017} as 'ready'
2022-07-24 19:59:46.936 [MaintenanceTimer-4-thread-1] DEBUG org.mongodb.driver.connection - Pruning pooled connections to ac-9fcfmng-shard-00-02.rbqoldd.mongodb.net:27017
2022-07-24 19:59:46.937 [cluster-ClusterId{value='62ddcee1fdea0c07f898dbda', description='null'}-ac-9fcfmng-shard-00-02.rbqoldd.mongodb.net:27017] TRACE org.mongodb.driver.cluster - Handling description changed event for server ac-9fcfmng-shard-00-02.rbqoldd.mongodb.net:27017 with description ServerDescription{address=ac-9fcfmng-shard-00-02.rbqoldd.mongodb.net:27017, type=REPLICA_SET_PRIMARY, state=CONNECTED, ok=true, minWireVersion=0, maxWireVersion=13, maxDocumentSize=16777216, logicalSessionTimeoutMinutes=30, roundTripTimeNanos=132557400, setName='atlas-wtm6mu-shard-0', canonicalAddress=ac-9fcfmng-shard-00-02.rbqoldd.mongodb.net:27017, hosts=[ac-9fcfmng-shard-00-02.rbqoldd.mongodb.net:27017, ac-9fcfmng-shard-00-01.rbqoldd.mongodb.net:27017, ac-9fcfmng-shard-00-00.rbqoldd.mongodb.net:27017], passives=[], arbiters=[], primary='ac-9fcfmng-shard-00-02.rbqoldd.mongodb.net:27017', tagSet=TagSet{[Tag{name='nodeType', value='ELECTABLE'}, Tag{name='provider', value='GCP'}, Tag{name='region', value='SOUTH_AMERICA_EAST_1'}, Tag{name='workloadType', value='OPERATIONAL'}]}, electionId=7fffffff000000000000004e, setVersion=7, topologyVersion=TopologyVersion{processId=62cc312d2478d6f6b7a586df, counter=6}, lastWriteDate=Sun Jul 24 19:59:48 ART 2022, lastUpdateTimeNanos=606415099464400}
2022-07-24 19:59:46.938 [cluster-ClusterId{value='62ddcee1fdea0c07f898dbda', description='null'}-ac-9fcfmng-shard-00-02.rbqoldd.mongodb.net:27017] INFO  org.mongodb.driver.cluster - Setting max election id to 7fffffff000000000000004e from replica set primary ac-9fcfmng-shard-00-02.rbqoldd.mongodb.net:27017
2022-07-24 19:59:46.938 [cluster-ClusterId{value='62ddcee1fdea0c07f898dbda', description='null'}-ac-9fcfmng-shard-00-02.rbqoldd.mongodb.net:27017] INFO  org.mongodb.driver.cluster - Setting max set version to 7 from replica set primary ac-9fcfmng-shard-00-02.rbqoldd.mongodb.net:27017
2022-07-24 19:59:46.939 [cluster-ClusterId{value='62ddcee1fdea0c07f898dbda', description='null'}-ac-9fcfmng-shard-00-02.rbqoldd.mongodb.net:27017] INFO  org.mongodb.driver.cluster - Discovered replica set primary ac-9fcfmng-shard-00-02.rbqoldd.mongodb.net:27017
2022-07-24 19:59:46.940 [cluster-ClusterId{value='62ddcee1fdea0c07f898dbda', description='null'}-ac-9fcfmng-shard-00-02.rbqoldd.mongodb.net:27017] DEBUG org.mongodb.driver.cluster - Updating cluster description to  {type=REPLICA_SET, servers=[{address=ac-9fcfmng-shard-00-00.rbqoldd.mongodb.net:27017, type=REPLICA_SET_SECONDARY, TagSet{[Tag{name='nodeType', value='ELECTABLE'}, Tag{name='provider', value='GCP'}, Tag{name='region', value='SOUTH_AMERICA_EAST_1'}, Tag{name='workloadType', value='OPERATIONAL'}]}, roundTripTime=262.3 ms, state=CONNECTED}, {address=ac-9fcfmng-shard-00-01.rbqoldd.mongodb.net:27017, type=REPLICA_SET_SECONDARY, TagSet{[Tag{name='nodeType', value='ELECTABLE'}, Tag{name='provider', value='GCP'}, Tag{name='region', value='SOUTH_AMERICA_EAST_1'}, Tag{name='workloadType', value='OPERATIONAL'}]}, roundTripTime=263.2 ms, state=CONNECTED}, {address=ac-9fcfmng-shard-00-02.rbqoldd.mongodb.net:27017, type=REPLICA_SET_PRIMARY, TagSet{[Tag{name='nodeType', value='ELECTABLE'}, Tag{name='provider', value='GCP'}, Tag{name='region', value='SOUTH_AMERICA_EAST_1'}, Tag{name='workloadType', value='OPERATIONAL'}]}, roundTripTime=132.6 ms, state=CONNECTED}]
2022-07-24 19:59:46.940 [cluster-rtt-ClusterId{value='62ddcee1fdea0c07f898dbda', description='null'}-ac-9fcfmng-shard-00-00.rbqoldd.mongodb.net:27017] INFO  org.mongodb.driver.connection - Opened connection [connectionId{localValue:2, serverValue:311478}] to ac-9fcfmng-shard-00-00.rbqoldd.mongodb.net:27017
2022-07-24 19:59:46.940 [cluster-ClusterId{value='62ddcee1fdea0c07f898dbda', description='null'}-ac-9fcfmng-shard-00-02.rbqoldd.mongodb.net:27017] DEBUG org.mongodb.driver.cluster - Checking status of ac-9fcfmng-shard-00-02.rbqoldd.mongodb.net:27017
2022-07-24 19:59:47.526 [Test worker] INFO  org.mongodb.driver.connection - Opened connection [connectionId{localValue:7, serverValue:351994}] to ac-9fcfmng-shard-00-02.rbqoldd.mongodb.net:27017
2022-07-24 19:59:47.526 [Test worker] TRACE org.mongodb.driver.connection - Pooled connection connectionId{localValue:7, serverValue:351994} to server ServerId{clusterId=ClusterId{value='62ddcee1fdea0c07f898dbda', description='null'}, address=ac-9fcfmng-shard-00-02.rbqoldd.mongodb.net:27017} is now open
2022-07-24 19:59:47.537 [Test worker] DEBUG org.mongodb.driver.protocol.command - Sending command '{"find": "users", "filter": {}, "$db": "login", "lsid": {"id": {"$binary": {"base64": "wPReYb8BRmik57+m0hFcQA==", "subType": "04"}}}, "apiVersion": "1"}' with request id 13 to database login on connection [connectionId{localValue:7, serverValue:351994}] to server ac-9fcfmng-shard-00-02.rbqoldd.mongodb.net:27017
2022-07-24 19:59:47.590 [Test worker] DEBUG org.mongodb.driver.protocol.command - Execution of command with request id 13 completed successfully in 55.42 ms on connection [connectionId{localValue:7, serverValue:351994}] to server ac-9fcfmng-shard-00-02.rbqoldd.mongodb.net:27017
2022-07-24 19:59:47.597 [Test worker] DEBUG org.mongodb.driver.operation - Received batch of 6 documents with cursorId 0 from server ac-9fcfmng-shard-00-02.rbqoldd.mongodb.net:27017
2022-07-24 19:59:47.598 [Test worker] TRACE org.mongodb.driver.connection - Checked in connection [connectionId{localValue:7, serverValue:351994}] to server ac-9fcfmng-shard-00-02.rbqoldd.mongodb.net:27017
]]></system-out>
  <system-err><![CDATA[]]></system-err>
</testsuite>
