<?xml version="1.0" encoding="UTF-8"?>
<testsuite name="com.example.model.PlayerTest" tests="2" skipped="0" failures="0" errors="0" timestamp="2022-07-19T23:01:41" hostname="DESKTOP-0IN140F" time="0.014">
  <properties/>
  <testcase name="PlayerConstructorShouldInstantiateAPlayer" classname="com.example.model.PlayerTest" time="0.014"/>
  <testcase name="PlayerGetMethodsShouldReturnExpectedType" classname="com.example.model.PlayerTest" time="0.0"/>
  <system-out><![CDATA[]]></system-out>
  <system-err><![CDATA[]]></system-err>
</testsuite>
